<?xml version="1.0" encoding="UTF-8"?>
<!-- Generated by org.testng.reporters.JUnitXMLReporter -->
<testsuite hostname="Hien.local" name="Run on Firefox" tests="2" failures="0" timestamp="29 Sep 2020 09:47:02 GMT" time="29.786" errors="0">
  <testcase name="TC_01_RegisterToSystem" time="10.51" classname="com.login.nopcommerce_login.Login_02_RegisterAndLogin_AbstractPage"/>
  <testcase name="TC_02_LoginToSystem" time="3.131" classname="com.login.nopcommerce_login.Login_02_RegisterAndLogin_AbstractPage"/>
</testsuite> <!-- Run on Firefox -->
