<?xml version="1.0" encoding="UTF-8"?>
<!-- Generated by org.testng.reporters.JUnitXMLReporter -->
<testsuite hostname="Hien.local" name="Run on Firefox" tests="2" failures="0" timestamp="30 Sep 2020 03:09:47 GMT" time="22.561" errors="0">
  <testcase name="TC_01_RegisterToSystem" time="8.917" classname="com.login.nopcommerce_login.Login_03_RegisterAndLogin_AbstractPage_Extend"/>
  <testcase name="TC_02_LoginToSystem" time="2.775" classname="com.login.nopcommerce_login.Login_03_RegisterAndLogin_AbstractPage_Extend"/>
</testsuite> <!-- Run on Firefox -->
