<?xml version="1.0" encoding="UTF-8"?>
<testng-results skipped="0" failed="0" total="4" passed="4">
  <reporter-output>
  </reporter-output>
  <suite name="Nop Commerce" duration-ms="55092" started-at="2020-10-15T07:27:47Z" finished-at="2020-10-15T07:28:42Z">
    <groups>
    </groups>
    <test name="Run on " duration-ms="55092" started-at="2020-10-15T07:27:47Z" finished-at="2020-10-15T07:28:42Z">
      <class name="com.login.nopcommerce_login.Login_08_RegisterAndLogin_Dynamic_Locator">
        <test-method status="PASS" signature="beforeTest(java.lang.String)[pri:0, instance:com.login.nopcommerce_login.Login_08_RegisterAndLogin_Dynamic_Locator@4b6995df]" name="beforeTest" is-config="true" duration-ms="17678" started-at="2020-10-15T14:27:47Z" finished-at="2020-10-15T14:28:05Z">
          <params>
            <param index="0">
              <value>
                <![CDATA[firefox]]>
              </value>
            </param>
          </params>
          <reporter-output>
          </reporter-output>
        </test-method> <!-- beforeTest -->
        <test-method status="PASS" signature="TC_01_RegisterToSystem()[pri:0, instance:com.login.nopcommerce_login.Login_08_RegisterAndLogin_Dynamic_Locator@4b6995df]" name="TC_01_RegisterToSystem" duration-ms="11569" started-at="2020-10-15T14:28:05Z" finished-at="2020-10-15T14:28:16Z">
          <reporter-output>
          </reporter-output>
        </test-method> <!-- TC_01_RegisterToSystem -->
        <test-method status="PASS" signature="TC_02_LoginToSystem()[pri:0, instance:com.login.nopcommerce_login.Login_08_RegisterAndLogin_Dynamic_Locator@4b6995df]" name="TC_02_LoginToSystem" duration-ms="4064" started-at="2020-10-15T14:28:16Z" finished-at="2020-10-15T14:28:20Z">
          <reporter-output>
          </reporter-output>
        </test-method> <!-- TC_02_LoginToSystem -->
        <test-method status="PASS" signature="TC_03_Dynamic_less()[pri:0, instance:com.login.nopcommerce_login.Login_08_RegisterAndLogin_Dynamic_Locator@4b6995df]" name="TC_03_Dynamic_less" duration-ms="12258" started-at="2020-10-15T14:28:20Z" description="Only use incase less page" finished-at="2020-10-15T14:28:32Z">
          <reporter-output>
          </reporter-output>
        </test-method> <!-- TC_03_Dynamic_less -->
        <test-method status="PASS" signature="TC_04_Dynamic_More()[pri:0, instance:com.login.nopcommerce_login.Login_08_RegisterAndLogin_Dynamic_Locator@4b6995df]" name="TC_04_Dynamic_More" duration-ms="8057" started-at="2020-10-15T14:28:32Z" finished-at="2020-10-15T14:28:40Z">
          <reporter-output>
          </reporter-output>
        </test-method> <!-- TC_04_Dynamic_More -->
        <test-method status="PASS" signature="afterTest()[pri:0, instance:com.login.nopcommerce_login.Login_08_RegisterAndLogin_Dynamic_Locator@4b6995df]" name="afterTest" is-config="true" duration-ms="1391" started-at="2020-10-15T14:28:41Z" finished-at="2020-10-15T14:28:42Z">
          <reporter-output>
          </reporter-output>
        </test-method> <!-- afterTest -->
      </class> <!-- com.login.nopcommerce_login.Login_08_RegisterAndLogin_Dynamic_Locator -->
    </test> <!-- Run on  -->
  </suite> <!-- Nop Commerce -->
</testng-results>
